<?xml version="1.0" encoding="UTF-8"?>
<!-- Generated by org.testng.reporters.JUnitXMLReporter -->
<testsuite ignored="0" hostname="Ankitas-MacBook-Air.local" failures="0" tests="10" name="firfoxTest" time="290.042" errors="0" timestamp="2025-07-31T15:52:24 PDT">
  <testcase classname="testCases.TC06_Affiliate" name="testAffiliate" time="3.782"/>
  <testcase classname="testCases.TC04_CompleteCheckOut" name="testCheckOut" time="5.989"/>
  <testcase classname="testCases.TC01_LaunchApplication" name="launchApp" time="0.04"/>
  <testcase classname="testCases.TC03_AddToCart" name="testAddToCart" time="2.42"/>
  <testcase classname="testCases.TC05_AddToWishlist" name="testAddToWishList" time="2.556"/>
  <testcase classname="testCases.TC02_Login" name="testLogin" time="0.0">
    <skipped/>
  </testcase> <!-- testLogin -->
  <testcase classname="testCases.TC02_Login" name="testLogin" time="0.0">
    <skipped/>
  </testcase> <!-- testLogin -->
  <testcase classname="testCases.TC02_Login" name="testLogin" time="0.0">
    <skipped/>
  </testcase> <!-- testLogin -->
  <testcase classname="testCases.TC02_Login" name="testLogin" time="0.0">
    <skipped/>
  </testcase> <!-- testLogin -->
  <testcase classname="testCases.TC02_Login" name="testLogin" time="0.0">
    <skipped/>
  </testcase> <!-- testLogin -->
</testsuite> <!-- firfoxTest -->
