<?xml version="1.0" encoding="UTF-8"?>
<!-- Generated by org.testng.reporters.JUnitXMLReporter -->
<testsuite ignored="0" hostname="Ankitas-MacBook-Air.local" failures="1" tests="15" name="Test" time="137.483" errors="0" timestamp="2025-07-30T13:18:21 PDT">
  <testcase classname="testCases.TC06_Affiliate" name="login" time="6.043"/>
  <testcase classname="testCases.TC06_Affiliate" name="testAffiliate" time="5.108"/>
  <testcase classname="testCases.TC04_CompleteCheckOut" name="login" time="5.553"/>
  <testcase classname="testCases.TC04_CompleteCheckOut" name="addToCart" time="4.165">
    <failure type="java.lang.AssertionError" message="Item added successfully! expected [true] but found [false]">
      <![CDATA[java.lang.AssertionError: Item added successfully! expected [true] but found [false]
at testCases.TC04_CompleteCheckOut.addToCart(TC04_CompleteCheckOut.java:38)
at java.base/java.util.ArrayList.forEach(ArrayList.java:1596)
... Removed 28 stack frames]]>
    </failure>
  </testcase> <!-- addToCart -->
  <testcase classname="testCases.TC04_CompleteCheckOut" name="testCheckOut" time="0.0">
    <skipped/>
  </testcase> <!-- testCheckOut -->
  <testcase classname="testCases.TC01_LaunchApplication" name="launchApp" time="0.129"/>
  <testcase classname="testCases.TC03_AddToCart" name="login" time="5.522"/>
  <testcase classname="testCases.TC03_AddToCart" name="testAddToCart" time="4.107"/>
  <testcase classname="testCases.TC05_AddToWishlist" name="login" time="5.654"/>
  <testcase classname="testCases.TC05_AddToWishlist" name="testAddToWishList" time="4.161"/>
  <testcase classname="testCases.TC02_Login" name="testLogin" time="9.164"/>
  <testcase classname="testCases.TC02_Login" name="testLogin" time="2.255"/>
  <testcase classname="testCases.TC02_Login" name="testLogin" time="1.26"/>
  <testcase classname="testCases.TC02_Login" name="testLogin" time="1.148"/>
  <testcase classname="testCases.TC02_Login" name="testLogin" time="1.163"/>
</testsuite> <!-- Test -->
