<?xml version="1.0" encoding="UTF-8"?>
<!-- Generated by org.testng.reporters.JUnitXMLReporter -->
<testsuite ignored="0" hostname="Ankitas-MacBook-Air.local" failures="0" tests="10" name="chromeTest" time="36.635" errors="0" timestamp="2025-08-01T12:03:55 PDT">
  <testcase classname="testCases.TC06_Affiliate" name="testAffiliate" time="3.505"/>
  <testcase classname="testCases.TC04_CompleteCheckOut" name="testCheckOut" time="6.53"/>
  <testcase classname="testCases.TC01_LaunchApplication" name="launchApp" time="0.009"/>
  <testcase classname="testCases.TC03_AddToCart" name="testAddToCart" time="2.826"/>
  <testcase classname="testCases.TC05_AddToWishlist" name="testAddToWishList" time="3.001"/>
  <testcase classname="testCases.TC02_Login" name="testLogin" time="1.19"/>
  <testcase classname="testCases.TC02_Login" name="testLogin" time="0.964"/>
  <testcase classname="testCases.TC02_Login" name="testLogin" time="0.785"/>
  <testcase classname="testCases.TC02_Login" name="testLogin" time="0.709"/>
  <testcase classname="testCases.TC02_Login" name="testLogin" time="0.757"/>
</testsuite> <!-- chromeTest -->
