<?xml version="1.0" encoding="UTF-8"?>
<!-- Generated by org.testng.reporters.JUnitXMLReporter -->
<testsuite ignored="0" hostname="Ankitas-MacBook-Air.local" failures="0" tests="10" name="firfoxTest" time="47.127" errors="0" timestamp="2025-08-01T12:04:05 PDT">
  <testcase classname="testCases.TC06_Affiliate" name="testAffiliate" time="3.056"/>
  <testcase classname="testCases.TC04_CompleteCheckOut" name="testCheckOut" time="5.542"/>
  <testcase classname="testCases.TC01_LaunchApplication" name="launchApp" time="0.003"/>
  <testcase classname="testCases.TC03_AddToCart" name="testAddToCart" time="2.389"/>
  <testcase classname="testCases.TC05_AddToWishlist" name="testAddToWishList" time="2.408"/>
  <testcase classname="testCases.TC02_Login" name="testLogin" time="0.898"/>
  <testcase classname="testCases.TC02_Login" name="testLogin" time="0.649"/>
  <testcase classname="testCases.TC02_Login" name="testLogin" time="0.663"/>
  <testcase classname="testCases.TC02_Login" name="testLogin" time="0.662"/>
  <testcase classname="testCases.TC02_Login" name="testLogin" time="0.675"/>
</testsuite> <!-- firfoxTest -->
