<?xml version="1.0" encoding="UTF-8"?>
<testsuite xmlns:xsi="http://www.w3.org/2001/XMLSchema-instance" xsi:noNamespaceSchemaLocation="https://maven.apache.org/surefire/maven-surefire-plugin/xsd/surefire-test-report.xsd" version="3.0.2" name="TestSuite" time="47.746" tests="20" errors="0" skipped="0" failures="0">
  <properties>
[...]
</properties>
  <testcase name="testAffiliate" classname="testCases.TC06_Affiliate" time="1.99">
    <system-out><![CDATA[2025-08-01 12:03:18 DEBUG BaseClass:57 - Starting openApp with browser: firefox and OS: macOS
2025-08-01 12:03:18 DEBUG BaseClass:57 - Starting openApp with browser: chrome and OS: macOS
2025-08-01 12:03:18 DEBUG BaseClass:62 - Loaded config properties successfully.
2025-08-01 12:03:18 DEBUG BaseClass:62 - Loaded config properties successfully.
2025-08-01 12:03:20 DEBUG BaseClass:115 - ChromeDriver initialized
2025-08-01 12:03:20 DEBUG BaseClass:131 - Driver assigned to thread-local storage
2025-08-01 12:03:22 DEBUG BaseClass:150 - Application launched at URL: https://cloudberrystore.services/
2025-08-01 12:03:22 DEBUG TC06_Affiliate:19 - Test started: testAffiliate
2025-08-01 12:03:22 DEBUG TC06_Affiliate:23 - This is a DEBUG log
2025-08-01 12:03:22 INFO  TC06_Affiliate:24 - This is an INFO log
2025-08-01 12:03:22 ERROR TC06_Affiliate:25 - This is an ERROR log
2025-08-01 12:03:22 DEBUG BaseClass:123 - FirefoxDriver initialized
2025-08-01 12:03:22 DEBUG BaseClass:131 - Driver assigned to thread-local storage
2025-08-01 12:03:22 DEBUG TC06_Affiliate:27 - Clicked 'My Account'
2025-08-01 12:03:22 DEBUG TC06_Affiliate:30 - Clicked 'Login'
2025-08-01 12:03:23 DEBUG TC06_Affiliate:33 - Entered email
2025-08-01 12:03:23 DEBUG TC06_Affiliate:36 - Entered password
2025-08-01 12:03:23 DEBUG TC06_Affiliate:39 - Clicked 'Login' button
2025-08-01 12:03:23 DEBUG TC06_Affiliate:42 - Waited 0.5 seconds before proceeding to Affiliate section
2025-08-01 12:03:23 DEBUG BaseClass:150 - Application launched at URL: https://cloudberrystore.services/
2025-08-01 12:03:23 DEBUG TC06_Affiliate:19 - Test started: testAffiliate
2025-08-01 12:03:23 DEBUG TC06_Affiliate:23 - This is a DEBUG log
2025-08-01 12:03:23 INFO  TC06_Affiliate:24 - This is an INFO log
2025-08-01 12:03:23 ERROR TC06_Affiliate:25 - This is an ERROR log
2025-08-01 12:03:24 DEBUG TC06_Affiliate:27 - Clicked 'My Account'
2025-08-01 12:03:24 DEBUG TC06_Affiliate:30 - Clicked 'Login'
2025-08-01 12:03:24 DEBUG TC06_Affiliate:45 - Clicked on 'Affiliate' link
2025-08-01 12:03:24 DEBUG TC06_Affiliate:33 - Entered email
2025-08-01 12:03:24 DEBUG TC06_Affiliate:36 - Entered password
2025-08-01 12:03:24 DEBUG TC06_Affiliate:48 - Set company
2025-08-01 12:03:24 DEBUG TC06_Affiliate:39 - Clicked 'Login' button
2025-08-01 12:03:24 DEBUG TC06_Affiliate:51 - Set website
2025-08-01 12:03:24 DEBUG TC06_Affiliate:54 - Set tax information
2025-08-01 12:03:24 DEBUG TC06_Affiliate:57 - Set cheque payment method
2025-08-01 12:03:24 DEBUG TC06_Affiliate:42 - Waited 0.5 seconds before proceeding to Affiliate section
2025-08-01 12:03:25 DEBUG TC06_Affiliate:60 - Waited 0.5 seconds before clicking Continue
2025-08-01 12:03:25 DEBUG TC06_Affiliate:45 - Clicked on 'Affiliate' link
2025-08-01 12:03:25 DEBUG TC06_Affiliate:48 - Set company
2025-08-01 12:03:25 DEBUG TC06_Affiliate:51 - Set website
2025-08-01 12:03:25 DEBUG TC06_Affiliate:54 - Set tax information
2025-08-01 12:03:25 DEBUG TC06_Affiliate:63 - Clicked 'Continue' button
2025-08-01 12:03:25 DEBUG TC06_Affiliate:57 - Set cheque payment method
2025-08-01 12:03:25 DEBUG TC06_Affiliate:66 - Alert box status: true
2025-08-01 12:03:25 INFO  TC06_Affiliate:69 - Affiliate registration success verified
2025-08-01 12:03:25 DEBUG TC06_Affiliate:79 - Test ended: testAffiliate
]]></system-out>
    <system-err><![CDATA[SLF4J(W): No SLF4J providers were found.
SLF4J(W): Defaulting to no-operation (NOP) logger implementation
SLF4J(W): See https://www.slf4j.org/codes.html#noProviders for further details.
SLF4J(W): Class path contains SLF4J bindings targeting slf4j-api versions 1.7.x or earlier.
SLF4J(W): Ignoring binding found at [jar:file:/Users/ankitagarg/.m2/repository/org/apache/logging/log4j/log4j-slf4j-impl/2.25.1/log4j-slf4j-impl-2.25.1.jar!/org/slf4j/impl/StaticLoggerBinder.class]
SLF4J(W): See https://www.slf4j.org/codes.html#ignoredBindings for an explanation.
2025-08-01T19:03:18.688406Z main INFO Starting configuration XmlConfiguration[location=/Users/ankitagarg/eclipse-workspace/NinjaV6/target/test-classes/log4j2.xml, lastModified=2025-08-01T17:38:41.485Z]...
2025-08-01T19:03:18.689115Z main INFO Configuration XmlConfiguration[location=/Users/ankitagarg/eclipse-workspace/NinjaV6/target/test-classes/log4j2.xml, lastModified=2025-08-01T17:38:41.485Z] started.
2025-08-01T19:03:18.690516Z main INFO Stopping configuration org.apache.logging.log4j.core.config.DefaultConfiguration@5ab956d7...
2025-08-01T19:03:18.690789Z main INFO Configuration org.apache.logging.log4j.core.config.DefaultConfiguration@5ab956d7 stopped.
]]></system-err>
  </testcase>
  <testcase name="testAffiliate" classname="testCases.TC06_Affiliate" time="3.057">
    <system-out><![CDATA[2025-08-01 12:03:25 DEBUG BaseClass:179 - Browser closed for thread: 35
2025-08-01 12:03:25 DEBUG BaseClass:57 - Starting openApp with browser: chrome and OS: macOS
2025-08-01 12:03:25 DEBUG BaseClass:62 - Loaded config properties successfully.
2025-08-01 12:03:26 DEBUG TC06_Affiliate:60 - Waited 0.5 seconds before clicking Continue
2025-08-01 12:03:26 DEBUG TC06_Affiliate:63 - Clicked 'Continue' button
2025-08-01 12:03:26 DEBUG TC06_Affiliate:66 - Alert box status: true
2025-08-01 12:03:26 INFO  TC06_Affiliate:69 - Affiliate registration success verified
2025-08-01 12:03:26 DEBUG TC06_Affiliate:79 - Test ended: testAffiliate
]]></system-out>
  </testcase>
  <testcase name="testCheckOut" classname="testCases.TC04_CompleteCheckOut" time="2.927">
    <system-out><![CDATA[2025-08-01 12:03:27 DEBUG BaseClass:115 - ChromeDriver initialized
2025-08-01 12:03:27 DEBUG BaseClass:131 - Driver assigned to thread-local storage
2025-08-01 12:03:27 DEBUG BaseClass:179 - Browser closed for thread: 36
2025-08-01 12:03:27 DEBUG BaseClass:57 - Starting openApp with browser: firefox and OS: macOS
2025-08-01 12:03:27 DEBUG BaseClass:62 - Loaded config properties successfully.
2025-08-01 12:03:28 DEBUG BaseClass:150 - Application launched at URL: https://cloudberrystore.services/
2025-08-01 12:03:28 DEBUG TC04_CompleteCheckOut:18 - Test started: testCheckOut
2025-08-01 12:03:28 DEBUG TC04_CompleteCheckOut:22 - Clicked 'My Account'
2025-08-01 12:03:28 DEBUG TC04_CompleteCheckOut:25 - Clicked 'Login'
2025-08-01 12:03:28 DEBUG TC04_CompleteCheckOut:28 - Entered email
2025-08-01 12:03:28 DEBUG TC04_CompleteCheckOut:31 - Entered password
2025-08-01 12:03:28 DEBUG TC04_CompleteCheckOut:34 - Clicked login
2025-08-01 12:03:29 DEBUG TC04_CompleteCheckOut:37 - Waited 1 second after login
2025-08-01 12:03:30 DEBUG TC04_CompleteCheckOut:40 - Clicked on 'Laptops & Notebooks'
2025-08-01 12:03:30 DEBUG TC04_CompleteCheckOut:43 - Clicked 'Show All' under Laptops
2025-08-01 12:03:30 DEBUG TC04_CompleteCheckOut:47 - Scrolled down the window
2025-08-01 12:03:30 DEBUG TC04_CompleteCheckOut:50 - Selected product 'HP LP3065'
2025-08-06
2025-08-06
2025-08-01 12:03:30 DEBUG TC04_CompleteCheckOut:53 - Formatted delivery date: 2025-08-06
2025-08-01 12:03:30 DEBUG BaseClass:123 - FirefoxDriver initialized
2025-08-01 12:03:30 DEBUG BaseClass:131 - Driver assigned to thread-local storage
2025-08-01 12:03:30 DEBUG TC04_CompleteCheckOut:56 - Set delivery date
2025-08-01 12:03:30 DEBUG TC04_CompleteCheckOut:59 - Clicked 'Add to Cart'
2025-08-01 12:03:31 DEBUG TC04_CompleteCheckOut:63 - Alert text: Success: You have added HP LP3065 to your shopping cart!
2025-08-01 12:03:31 INFO  TC04_CompleteCheckOut:65 - Item added to cart successfully
2025-08-01 12:03:31 DEBUG TC04_CompleteCheckOut:68 - Clicked 'Checkout'
2025-08-01 12:03:31 DEBUG TC04_CompleteCheckOut:71 - Selected shipping address
2025-08-01 12:03:31 DEBUG BaseClass:150 - Application launched at URL: https://cloudberrystore.services/
2025-08-01 12:03:31 DEBUG TC04_CompleteCheckOut:18 - Test started: testCheckOut
2025-08-01 12:03:31 DEBUG TC04_CompleteCheckOut:75 - Selected and continued shipping method
2025-08-01 12:03:32 DEBUG TC04_CompleteCheckOut:22 - Clicked 'My Account'
2025-08-01 12:03:32 DEBUG TC04_CompleteCheckOut:79 - Selected and continued payment method
2025-08-01 12:03:32 DEBUG TC04_CompleteCheckOut:25 - Clicked 'Login'
2025-08-01 12:03:32 DEBUG TC04_CompleteCheckOut:28 - Entered email
2025-08-01 12:03:32 DEBUG TC04_CompleteCheckOut:31 - Entered password
2025-08-01 12:03:32 DEBUG TC04_CompleteCheckOut:34 - Clicked login
2025-08-01 12:03:33 DEBUG TC04_CompleteCheckOut:37 - Waited 1 second after login
2025-08-01 12:03:33 DEBUG TC04_CompleteCheckOut:40 - Clicked on 'Laptops & Notebooks'
2025-08-01 12:03:33 DEBUG TC04_CompleteCheckOut:43 - Clicked 'Show All' under Laptops
2025-08-01 12:03:33 DEBUG TC04_CompleteCheckOut:47 - Scrolled down the window
2025-08-01 12:03:33 DEBUG TC04_CompleteCheckOut:50 - Selected product 'HP LP3065'
2025-08-06
2025-08-06
2025-08-01 12:03:33 DEBUG TC04_CompleteCheckOut:53 - Formatted delivery date: 2025-08-06
2025-08-01 12:03:34 DEBUG TC04_CompleteCheckOut:56 - Set delivery date
2025-08-01 12:03:34 DEBUG TC04_CompleteCheckOut:59 - Clicked 'Add to Cart'
2025-08-01 12:03:34 DEBUG TC04_CompleteCheckOut:63 - Alert text: Success: You have added HP LP3065 to your shopping cart!
2025-08-01 12:03:34 INFO  TC04_CompleteCheckOut:65 - Item added to cart successfully
2025-08-01 12:03:34 DEBUG TC04_CompleteCheckOut:68 - Clicked 'Checkout'
2025-08-01 12:03:34 DEBUG TC04_CompleteCheckOut:71 - Selected shipping address
2025-08-01 12:03:34 DEBUG TC04_CompleteCheckOut:75 - Selected and continued shipping method
2025-08-01 12:03:34 DEBUG TC04_CompleteCheckOut:79 - Selected and continued payment method
2025-08-01 12:03:34 DEBUG TC04_CompleteCheckOut:82 - Clicked 'Confirm Order'
2025-08-01 12:03:34 DEBUG TC04_CompleteCheckOut:86 - Order confirmation message: Your order has been placed!
2025-08-01 12:03:34 INFO  TC04_CompleteCheckOut:88 - Order placed successfully
2025-08-01 12:03:34 DEBUG TC04_CompleteCheckOut:98 - Test ended: testCheckOut
]]></system-out>
  </testcase>
  <testcase name="testCheckOut" classname="testCases.TC04_CompleteCheckOut" time="0.0">
    <system-out><![CDATA[2025-08-01 12:03:35 DEBUG BaseClass:179 - Browser closed for thread: 35
2025-08-01 12:03:35 DEBUG BaseClass:57 - Starting openApp with browser: chrome and OS: macOS
2025-08-01 12:03:35 DEBUG BaseClass:62 - Loaded config properties successfully.
2025-08-01 12:03:36 DEBUG BaseClass:115 - ChromeDriver initialized
2025-08-01 12:03:36 DEBUG BaseClass:131 - Driver assigned to thread-local storage
2025-08-01 12:03:37 DEBUG TC04_CompleteCheckOut:82 - Clicked 'Confirm Order'
2025-08-01 12:03:37 DEBUG BaseClass:150 - Application launched at URL: https://cloudberrystore.services/
2025-08-01 12:03:37 DEBUG TC04_CompleteCheckOut:86 - Order confirmation message: Your order has been placed!
2025-08-01 12:03:37 INFO  TC04_CompleteCheckOut:88 - Order placed successfully
2025-08-01 12:03:37 DEBUG TC04_CompleteCheckOut:98 - Test ended: testCheckOut
]]></system-out>
  </testcase>
  <testcase name="launchApp" classname="testCases.TC01_LaunchApplication" time="0.01">
    <system-out><![CDATA[2025-08-01 12:03:37 DEBUG TC01_LaunchApplication:18 - Test started: launchApp
2025-08-01 12:03:37 DEBUG TC01_LaunchApplication:22 - HomePage object created
2025-08-01 12:03:37 DEBUG TC01_LaunchApplication:25 - Retrieved page title: Your store of fun
2025-08-01 12:03:37 DEBUG TC01_LaunchApplication:28 - Assertion passed: Title matched expected value
2025-08-01 12:03:37 DEBUG TC01_LaunchApplication:38 - Test ended: launchApp
]]></system-out>
  </testcase>
  <testcase name="launchApp" classname="testCases.TC01_LaunchApplication" time="0.004">
    <system-out><![CDATA[2025-08-01 12:03:37 DEBUG BaseClass:179 - Browser closed for thread: 35
2025-08-01 12:03:37 DEBUG BaseClass:57 - Starting openApp with browser: chrome and OS: macOS
2025-08-01 12:03:37 DEBUG BaseClass:62 - Loaded config properties successfully.
2025-08-01 12:03:38 DEBUG BaseClass:179 - Browser closed for thread: 36
2025-08-01 12:03:38 DEBUG BaseClass:57 - Starting openApp with browser: firefox and OS: macOS
2025-08-01 12:03:38 DEBUG BaseClass:62 - Loaded config properties successfully.
2025-08-01 12:03:38 DEBUG BaseClass:115 - ChromeDriver initialized
2025-08-01 12:03:38 DEBUG BaseClass:131 - Driver assigned to thread-local storage
2025-08-01 12:03:39 DEBUG BaseClass:150 - Application launched at URL: https://cloudberrystore.services/
2025-08-01 12:03:39 DEBUG TC03_AddToCart:17 - Test started: testAddToCart
2025-08-01 12:03:40 DEBUG TC03_AddToCart:21 - Clicked 'My Account'
2025-08-01 12:03:40 DEBUG TC03_AddToCart:24 - Clicked 'Login'
2025-08-01 12:03:40 DEBUG TC03_AddToCart:27 - Entered email
2025-08-01 12:03:40 DEBUG TC03_AddToCart:30 - Entered password
2025-08-01 12:03:40 DEBUG TC03_AddToCart:33 - Clicked login
2025-08-01 12:03:41 DEBUG BaseClass:123 - FirefoxDriver initialized
2025-08-01 12:03:41 DEBUG BaseClass:131 - Driver assigned to thread-local storage
2025-08-01 12:03:41 DEBUG TC03_AddToCart:36 - Waited for 1 second
2025-08-01 12:03:41 DEBUG TC03_AddToCart:39 - Clicked 'Laptops & Notebooks' menu
2025-08-01 12:03:41 DEBUG TC03_AddToCart:42 - Clicked 'Show All'
2025-08-01 12:03:41 DEBUG TC03_AddToCart:46 - Scrolled window
2025-08-01 12:03:42 DEBUG TC03_AddToCart:49 - Clicked on product 'HP LP3065'
2025-08-06
2025-08-06
2025-08-01 12:03:42 DEBUG TC03_AddToCart:52 - Formatted date: 2025-08-06
2025-08-01 12:03:42 DEBUG TC03_AddToCart:55 - Set delivery date
2025-08-01 12:03:42 DEBUG TC03_AddToCart:58 - Clicked 'Add to Cart'
2025-08-01 12:03:42 DEBUG BaseClass:150 - Application launched at URL: https://cloudberrystore.services/
2025-08-01 12:03:42 DEBUG TC01_LaunchApplication:18 - Test started: launchApp
2025-08-01 12:03:42 DEBUG TC01_LaunchApplication:22 - HomePage object created
2025-08-01 12:03:42 DEBUG TC01_LaunchApplication:25 - Retrieved page title: Your store of fun
2025-08-01 12:03:42 DEBUG TC01_LaunchApplication:28 - Assertion passed: Title matched expected value
2025-08-01 12:03:42 DEBUG TC01_LaunchApplication:38 - Test ended: launchApp
]]></system-out>
  </testcase>
  <testcase name="testAddToCart" classname="testCases.TC03_AddToCart" time="0.403">
    <system-out><![CDATA[2025-08-01 12:03:42 DEBUG TC03_AddToCart:62 - Alert message: Success: You have added HP LP3065 to your shopping cart!
2025-08-01 12:03:42 INFO  TC03_AddToCart:65 - Item successfully added to cart
2025-08-01 12:03:42 DEBUG TC03_AddToCart:75 - Test ended: testAddToCart
]]></system-out>
  </testcase>
  <testcase name="testAddToCart" classname="testCases.TC03_AddToCart" time="2.39">
    <system-out><![CDATA[2025-08-01 12:03:48 DEBUG BaseClass:179 - Browser closed for thread: 35
2025-08-01 12:03:48 DEBUG BaseClass:57 - Starting openApp with browser: chrome and OS: macOS
2025-08-01 12:03:48 DEBUG BaseClass:62 - Loaded config properties successfully.
2025-08-01 12:03:48 DEBUG TC03_AddToCart:36 - Waited for 1 second
2025-08-01 12:03:48 DEBUG TC03_AddToCart:39 - Clicked 'Laptops & Notebooks' menu
2025-08-01 12:03:48 DEBUG TC03_AddToCart:42 - Clicked 'Show All'
2025-08-01 12:03:48 DEBUG TC03_AddToCart:46 - Scrolled window
2025-08-01 12:03:48 DEBUG TC03_AddToCart:49 - Clicked on product 'HP LP3065'
2025-08-06
2025-08-06
2025-08-01 12:03:48 DEBUG TC03_AddToCart:52 - Formatted date: 2025-08-06
2025-08-01 12:03:49 DEBUG TC03_AddToCart:55 - Set delivery date
2025-08-01 12:03:49 DEBUG BaseClass:115 - ChromeDriver initialized
2025-08-01 12:03:49 DEBUG BaseClass:131 - Driver assigned to thread-local storage
2025-08-01 12:03:49 DEBUG TC03_AddToCart:58 - Clicked 'Add to Cart'
2025-08-01 12:03:49 DEBUG TC03_AddToCart:62 - Alert message: Success: You have added HP LP3065 to your shopping cart!
2025-08-01 12:03:49 INFO  TC03_AddToCart:65 - Item successfully added to cart
2025-08-01 12:03:49 DEBUG TC03_AddToCart:75 - Test ended: testAddToCart
]]></system-out>
  </testcase>
  <testcase name="testAddToWishList" classname="testCases.TC05_AddToWishlist" time="1.125">
    <system-out><![CDATA[2025-08-01 12:03:42 DEBUG BaseClass:179 - Browser closed for thread: 35
2025-08-01 12:03:42 DEBUG BaseClass:57 - Starting openApp with browser: chrome and OS: macOS
2025-08-01 12:03:42 DEBUG BaseClass:62 - Loaded config properties successfully.
2025-08-01 12:03:43 DEBUG BaseClass:179 - Browser closed for thread: 36
2025-08-01 12:03:43 DEBUG BaseClass:57 - Starting openApp with browser: firefox and OS: macOS
2025-08-01 12:03:43 DEBUG BaseClass:62 - Loaded config properties successfully.
2025-08-01 12:03:44 DEBUG BaseClass:115 - ChromeDriver initialized
2025-08-01 12:03:44 DEBUG BaseClass:131 - Driver assigned to thread-local storage
2025-08-01 12:03:45 DEBUG BaseClass:150 - Application launched at URL: https://cloudberrystore.services/
2025-08-01 12:03:45 DEBUG TC05_AddToWishlist:17 - Test started: testAddToWishList
2025-08-01 12:03:45 DEBUG TC05_AddToWishlist:21 - Clicked 'My Account'
2025-08-01 12:03:45 DEBUG TC05_AddToWishlist:24 - Clicked 'Login'
2025-08-01 12:03:45 DEBUG TC05_AddToWishlist:27 - Entered email
2025-08-01 12:03:45 DEBUG TC05_AddToWishlist:30 - Entered password
2025-08-01 12:03:45 DEBUG TC05_AddToWishlist:33 - Clicked 'Login' button
2025-08-01 12:03:45 DEBUG BaseClass:123 - FirefoxDriver initialized
2025-08-01 12:03:45 DEBUG BaseClass:131 - Driver assigned to thread-local storage
2025-08-01 12:03:46 DEBUG TC05_AddToWishlist:36 - Waited for 1 second
2025-08-01 12:03:46 DEBUG TC05_AddToWishlist:39 - Clicked 'Laptops & Notebooks' menu
2025-08-01 12:03:46 DEBUG TC05_AddToWishlist:42 - Clicked 'Show All' under Laptops
2025-08-01 12:03:46 DEBUG BaseClass:150 - Application launched at URL: https://cloudberrystore.services/
2025-08-01 12:03:46 DEBUG TC03_AddToCart:17 - Test started: testAddToCart
2025-08-01 12:03:47 DEBUG TC03_AddToCart:21 - Clicked 'My Account'
2025-08-01 12:03:47 DEBUG TC03_AddToCart:24 - Clicked 'Login'
2025-08-01 12:03:47 DEBUG TC03_AddToCart:27 - Entered email
2025-08-01 12:03:47 DEBUG TC03_AddToCart:30 - Entered password
2025-08-01 12:03:47 DEBUG TC03_AddToCart:33 - Clicked login
2025-08-01 12:03:47 DEBUG TC05_AddToWishlist:45 - Clicked 'Add to Wishlist' on product
2025-08-01 12:03:48 DEBUG TC05_AddToWishlist:48 - Alert text received: Success: You have added HP LP3065 to your wish list!
2025-08-01 12:03:48 INFO  TC05_AddToWishlist:51 - Item successfully added to wishlist
2025-08-01 12:03:48 DEBUG TC05_AddToWishlist:61 - Test ended: testAddToWishList
]]></system-out>
  </testcase>
  <testcase name="testAddToWishList" classname="testCases.TC05_AddToWishlist" time="1.73">
    <system-out><![CDATA[2025-08-01 12:03:55 DEBUG TC05_AddToWishlist:36 - Waited for 1 second
2025-08-01 12:03:55 DEBUG BaseClass:179 - Browser closed for thread: 35
2025-08-01 12:03:55 DEBUG TC05_AddToWishlist:39 - Clicked 'Laptops & Notebooks' menu
2025-08-01 12:03:55 DEBUG TC05_AddToWishlist:42 - Clicked 'Show All' under Laptops
2025-08-01 12:03:56 DEBUG TC05_AddToWishlist:45 - Clicked 'Add to Wishlist' on product
2025-08-01 12:03:56 DEBUG TC05_AddToWishlist:48 - Alert text received: Success: You have added HP LP3065 to your wish list!
2025-08-01 12:03:56 INFO  TC05_AddToWishlist:51 - Item successfully added to wishlist
2025-08-01 12:03:56 DEBUG TC05_AddToWishlist:61 - Test ended: testAddToWishList
]]></system-out>
  </testcase>
  <testcase name="testLogin[smitasharma.qa@gmail.com, ss*QA123](1)" classname="testCases.TC02_Login" time="1.179">
    <system-out><![CDATA[2025-08-01 12:03:50 DEBUG BaseClass:179 - Browser closed for thread: 36
2025-08-01 12:03:50 DEBUG BaseClass:57 - Starting openApp with browser: firefox and OS: macOS
2025-08-01 12:03:50 DEBUG BaseClass:62 - Loaded config properties successfully.
2025-08-01 12:03:50 DEBUG BaseClass:150 - Application launched at URL: https://cloudberrystore.services/
2025-08-01 12:03:50 DEBUG PackageRelationshipCollection:307 - Parsing relationship: /xl/_rels/workbook.xml.rels
2025-08-01 12:03:50 DEBUG PackageRelationshipCollection:307 - Parsing relationship: /xl/worksheets/_rels/sheet1.xml.rels
2025-08-01 12:03:50 DEBUG PackageRelationshipCollection:307 - Parsing relationship: /_rels/.rels
2025-08-01 12:03:50 DEBUG POIXMLFactory:65 - using default POIXMLDocumentPart for http://schemas.openxmlformats.org/officeDocument/2006/relationships/printerSettings
2025-08-01 12:03:50 DEBUG PackageRelationshipCollection:307 - Parsing relationship: /xl/_rels/workbook.xml.rels
2025-08-01 12:03:50 DEBUG PackageRelationshipCollection:307 - Parsing relationship: /xl/worksheets/_rels/sheet1.xml.rels
2025-08-01 12:03:50 DEBUG PackageRelationshipCollection:307 - Parsing relationship: /_rels/.rels
2025-08-01 12:03:50 DEBUG POIXMLFactory:65 - using default POIXMLDocumentPart for http://schemas.openxmlformats.org/officeDocument/2006/relationships/printerSettings
2025-08-01 12:03:50 DEBUG PackageRelationshipCollection:307 - Parsing relationship: /xl/_rels/workbook.xml.rels
2025-08-01 12:03:50 DEBUG PackageRelationshipCollection:307 - Parsing relationship: /xl/worksheets/_rels/sheet1.xml.rels
2025-08-01 12:03:50 DEBUG PackageRelationshipCollection:307 - Parsing relationship: /_rels/.rels
2025-08-01 12:03:50 DEBUG POIXMLFactory:65 - using default POIXMLDocumentPart for http://schemas.openxmlformats.org/officeDocument/2006/relationships/printerSettings
2025-08-01 12:03:50 DEBUG PackageRelationshipCollection:307 - Parsing relationship: /xl/_rels/workbook.xml.rels
2025-08-01 12:03:50 DEBUG PackageRelationshipCollection:307 - Parsing relationship: /xl/worksheets/_rels/sheet1.xml.rels
2025-08-01 12:03:50 DEBUG PackageRelationshipCollection:307 - Parsing relationship: /_rels/.rels
2025-08-01 12:03:50 DEBUG POIXMLFactory:65 - using default POIXMLDocumentPart for http://schemas.openxmlformats.org/officeDocument/2006/relationships/printerSettings
2025-08-01 12:03:50 DEBUG PackageRelationshipCollection:307 - Parsing relationship: /xl/_rels/workbook.xml.rels
2025-08-01 12:03:50 DEBUG PackageRelationshipCollection:307 - Parsing relationship: /xl/worksheets/_rels/sheet1.xml.rels
2025-08-01 12:03:50 DEBUG PackageRelationshipCollection:307 - Parsing relationship: /_rels/.rels
2025-08-01 12:03:50 DEBUG POIXMLFactory:65 - using default POIXMLDocumentPart for http://schemas.openxmlformats.org/officeDocument/2006/relationships/printerSettings
2025-08-01 12:03:50 DEBUG PackageRelationshipCollection:307 - Parsing relationship: /xl/_rels/workbook.xml.rels
2025-08-01 12:03:50 DEBUG PackageRelationshipCollection:307 - Parsing relationship: /xl/worksheets/_rels/sheet1.xml.rels
2025-08-01 12:03:50 DEBUG PackageRelationshipCollection:307 - Parsing relationship: /_rels/.rels
2025-08-01 12:03:50 DEBUG POIXMLFactory:65 - using default POIXMLDocumentPart for http://schemas.openxmlformats.org/officeDocument/2006/relationships/printerSettings
2025-08-01 12:03:50 DEBUG PackageRelationshipCollection:307 - Parsing relationship: /xl/_rels/workbook.xml.rels
2025-08-01 12:03:50 DEBUG PackageRelationshipCollection:307 - Parsing relationship: /xl/worksheets/_rels/sheet1.xml.rels
2025-08-01 12:03:50 DEBUG PackageRelationshipCollection:307 - Parsing relationship: /_rels/.rels
2025-08-01 12:03:50 DEBUG POIXMLFactory:65 - using default POIXMLDocumentPart for http://schemas.openxmlformats.org/officeDocument/2006/relationships/printerSettings
2025-08-01 12:03:50 DEBUG PackageRelationshipCollection:307 - Parsing relationship: /xl/_rels/workbook.xml.rels
2025-08-01 12:03:50 DEBUG PackageRelationshipCollection:307 - Parsing relationship: /xl/worksheets/_rels/sheet1.xml.rels
2025-08-01 12:03:50 DEBUG PackageRelationshipCollection:307 - Parsing relationship: /_rels/.rels
2025-08-01 12:03:50 DEBUG POIXMLFactory:65 - using default POIXMLDocumentPart for http://schemas.openxmlformats.org/officeDocument/2006/relationships/printerSettings
2025-08-01 12:03:50 DEBUG PackageRelationshipCollection:307 - Parsing relationship: /xl/_rels/workbook.xml.rels
2025-08-01 12:03:50 DEBUG PackageRelationshipCollection:307 - Parsing relationship: /xl/worksheets/_rels/sheet1.xml.rels
2025-08-01 12:03:50 DEBUG PackageRelationshipCollection:307 - Parsing relationship: /_rels/.rels
2025-08-01 12:03:50 DEBUG POIXMLFactory:65 - using default POIXMLDocumentPart for http://schemas.openxmlformats.org/officeDocument/2006/relationships/printerSettings
2025-08-01 12:03:50 DEBUG PackageRelationshipCollection:307 - Parsing relationship: /xl/_rels/workbook.xml.rels
2025-08-01 12:03:50 DEBUG PackageRelationshipCollection:307 - Parsing relationship: /xl/worksheets/_rels/sheet1.xml.rels
2025-08-01 12:03:50 DEBUG PackageRelationshipCollection:307 - Parsing relationship: /_rels/.rels
2025-08-01 12:03:50 DEBUG POIXMLFactory:65 - using default POIXMLDocumentPart for http://schemas.openxmlformats.org/officeDocument/2006/relationships/printerSettings
2025-08-01 12:03:50 DEBUG PackageRelationshipCollection:307 - Parsing relationship: /xl/_rels/workbook.xml.rels
2025-08-01 12:03:50 DEBUG PackageRelationshipCollection:307 - Parsing relationship: /xl/worksheets/_rels/sheet1.xml.rels
2025-08-01 12:03:50 DEBUG PackageRelationshipCollection:307 - Parsing relationship: /_rels/.rels
2025-08-01 12:03:50 DEBUG POIXMLFactory:65 - using default POIXMLDocumentPart for http://schemas.openxmlformats.org/officeDocument/2006/relationships/printerSettings
2025-08-01 12:03:50 DEBUG PackageRelationshipCollection:307 - Parsing relationship: /xl/_rels/workbook.xml.rels
2025-08-01 12:03:50 DEBUG PackageRelationshipCollection:307 - Parsing relationship: /xl/worksheets/_rels/sheet1.xml.rels
2025-08-01 12:03:50 DEBUG PackageRelationshipCollection:307 - Parsing relationship: /_rels/.rels
2025-08-01 12:03:50 DEBUG POIXMLFactory:65 - using default POIXMLDocumentPart for http://schemas.openxmlformats.org/officeDocument/2006/relationships/printerSettings
2025-08-01 12:03:50 DEBUG TC02_Login:22 - Test started: testLogin with userName=smitasharma.qa@gmail.com
2025-08-01 12:03:50 DEBUG TC02_Login:26 - HomePage object initialized
2025-08-01 12:03:51 DEBUG TC02_Login:29 - Clicked 'My Account'
2025-08-01 12:03:51 DEBUG TC02_Login:32 - Clicked 'Login'
2025-08-01 12:03:51 DEBUG TC02_Login:35 - LoginPage object initialized
2025-08-01 12:03:51 DEBUG TC02_Login:38 - Entered email
2025-08-01 12:03:51 DEBUG TC02_Login:41 - Entered password
2025-08-01 12:03:51 DEBUG TC02_Login:44 - Clicked login
2025-08-01 12:03:51 DEBUG TC02_Login:47 - MyAccountPage object initialized
2025-08-01 12:03:51 DEBUG TC02_Login:50 - Account confirmation message: My Account
2025-08-01 12:03:51 INFO  TC02_Login:53 - Login successful for user: smitasharma.qa@gmail.com
2025-08-01 12:03:51 DEBUG TC02_Login:57 - Clicked 'My Account' again
2025-08-01 12:03:52 DEBUG TC02_Login:60 - Clicked 'Logout'
2025-08-01 12:03:52 DEBUG TC02_Login:72 - Test ended: testLogin for userName=smitasharma.qa@gmail.com
]]></system-out>
  </testcase>
  <testcase name="testLogin[smitasharma.qa@gmail.com, ss*QA123](1)" classname="testCases.TC02_Login" time="0.898">
    <system-out><![CDATA[2025-08-01 12:03:57 DEBUG BaseClass:179 - Browser closed for thread: 36
2025-08-01 12:03:57 DEBUG BaseClass:57 - Starting openApp with browser: firefox and OS: macOS
2025-08-01 12:03:57 DEBUG BaseClass:62 - Loaded config properties successfully.
2025-08-01 12:03:59 DEBUG BaseClass:123 - FirefoxDriver initialized
2025-08-01 12:03:59 DEBUG BaseClass:131 - Driver assigned to thread-local storage
2025-08-01 12:04:01 DEBUG BaseClass:150 - Application launched at URL: https://cloudberrystore.services/
2025-08-01 12:04:01 DEBUG PackageRelationshipCollection:307 - Parsing relationship: /xl/_rels/workbook.xml.rels
2025-08-01 12:04:01 DEBUG PackageRelationshipCollection:307 - Parsing relationship: /xl/worksheets/_rels/sheet1.xml.rels
2025-08-01 12:04:01 DEBUG PackageRelationshipCollection:307 - Parsing relationship: /_rels/.rels
2025-08-01 12:04:01 DEBUG POIXMLFactory:65 - using default POIXMLDocumentPart for http://schemas.openxmlformats.org/officeDocument/2006/relationships/printerSettings
2025-08-01 12:04:01 DEBUG PackageRelationshipCollection:307 - Parsing relationship: /xl/_rels/workbook.xml.rels
2025-08-01 12:04:01 DEBUG PackageRelationshipCollection:307 - Parsing relationship: /xl/worksheets/_rels/sheet1.xml.rels
2025-08-01 12:04:01 DEBUG PackageRelationshipCollection:307 - Parsing relationship: /_rels/.rels
2025-08-01 12:04:01 DEBUG POIXMLFactory:65 - using default POIXMLDocumentPart for http://schemas.openxmlformats.org/officeDocument/2006/relationships/printerSettings
2025-08-01 12:04:01 DEBUG PackageRelationshipCollection:307 - Parsing relationship: /xl/_rels/workbook.xml.rels
2025-08-01 12:04:01 DEBUG PackageRelationshipCollection:307 - Parsing relationship: /xl/worksheets/_rels/sheet1.xml.rels
2025-08-01 12:04:01 DEBUG PackageRelationshipCollection:307 - Parsing relationship: /_rels/.rels
2025-08-01 12:04:01 DEBUG POIXMLFactory:65 - using default POIXMLDocumentPart for http://schemas.openxmlformats.org/officeDocument/2006/relationships/printerSettings
2025-08-01 12:04:01 DEBUG PackageRelationshipCollection:307 - Parsing relationship: /xl/_rels/workbook.xml.rels
2025-08-01 12:04:01 DEBUG PackageRelationshipCollection:307 - Parsing relationship: /xl/worksheets/_rels/sheet1.xml.rels
2025-08-01 12:04:01 DEBUG PackageRelationshipCollection:307 - Parsing relationship: /_rels/.rels
2025-08-01 12:04:01 DEBUG POIXMLFactory:65 - using default POIXMLDocumentPart for http://schemas.openxmlformats.org/officeDocument/2006/relationships/printerSettings
2025-08-01 12:04:01 DEBUG PackageRelationshipCollection:307 - Parsing relationship: /xl/_rels/workbook.xml.rels
2025-08-01 12:04:01 DEBUG PackageRelationshipCollection:307 - Parsing relationship: /xl/worksheets/_rels/sheet1.xml.rels
2025-08-01 12:04:01 DEBUG PackageRelationshipCollection:307 - Parsing relationship: /_rels/.rels
2025-08-01 12:04:01 DEBUG POIXMLFactory:65 - using default POIXMLDocumentPart for http://schemas.openxmlformats.org/officeDocument/2006/relationships/printerSettings
2025-08-01 12:04:01 DEBUG PackageRelationshipCollection:307 - Parsing relationship: /xl/_rels/workbook.xml.rels
2025-08-01 12:04:01 DEBUG PackageRelationshipCollection:307 - Parsing relationship: /xl/worksheets/_rels/sheet1.xml.rels
2025-08-01 12:04:01 DEBUG PackageRelationshipCollection:307 - Parsing relationship: /_rels/.rels
2025-08-01 12:04:01 DEBUG POIXMLFactory:65 - using default POIXMLDocumentPart for http://schemas.openxmlformats.org/officeDocument/2006/relationships/printerSettings
2025-08-01 12:04:01 DEBUG PackageRelationshipCollection:307 - Parsing relationship: /xl/_rels/workbook.xml.rels
2025-08-01 12:04:01 DEBUG PackageRelationshipCollection:307 - Parsing relationship: /xl/worksheets/_rels/sheet1.xml.rels
2025-08-01 12:04:01 DEBUG PackageRelationshipCollection:307 - Parsing relationship: /_rels/.rels
2025-08-01 12:04:01 DEBUG POIXMLFactory:65 - using default POIXMLDocumentPart for http://schemas.openxmlformats.org/officeDocument/2006/relationships/printerSettings
2025-08-01 12:04:01 DEBUG PackageRelationshipCollection:307 - Parsing relationship: /xl/_rels/workbook.xml.rels
2025-08-01 12:04:01 DEBUG PackageRelationshipCollection:307 - Parsing relationship: /xl/worksheets/_rels/sheet1.xml.rels
2025-08-01 12:04:01 DEBUG PackageRelationshipCollection:307 - Parsing relationship: /_rels/.rels
2025-08-01 12:04:01 DEBUG POIXMLFactory:65 - using default POIXMLDocumentPart for http://schemas.openxmlformats.org/officeDocument/2006/relationships/printerSettings
2025-08-01 12:04:01 DEBUG PackageRelationshipCollection:307 - Parsing relationship: /xl/_rels/workbook.xml.rels
2025-08-01 12:04:01 DEBUG PackageRelationshipCollection:307 - Parsing relationship: /xl/worksheets/_rels/sheet1.xml.rels
2025-08-01 12:04:01 DEBUG PackageRelationshipCollection:307 - Parsing relationship: /_rels/.rels
2025-08-01 12:04:01 DEBUG POIXMLFactory:65 - using default POIXMLDocumentPart for http://schemas.openxmlformats.org/officeDocument/2006/relationships/printerSettings
2025-08-01 12:04:01 DEBUG PackageRelationshipCollection:307 - Parsing relationship: /xl/_rels/workbook.xml.rels
2025-08-01 12:04:01 DEBUG PackageRelationshipCollection:307 - Parsing relationship: /xl/worksheets/_rels/sheet1.xml.rels
2025-08-01 12:04:01 DEBUG PackageRelationshipCollection:307 - Parsing relationship: /_rels/.rels
2025-08-01 12:04:01 DEBUG POIXMLFactory:65 - using default POIXMLDocumentPart for http://schemas.openxmlformats.org/officeDocument/2006/relationships/printerSettings
2025-08-01 12:04:01 DEBUG PackageRelationshipCollection:307 - Parsing relationship: /xl/_rels/workbook.xml.rels
2025-08-01 12:04:01 DEBUG PackageRelationshipCollection:307 - Parsing relationship: /xl/worksheets/_rels/sheet1.xml.rels
2025-08-01 12:04:01 DEBUG PackageRelationshipCollection:307 - Parsing relationship: /_rels/.rels
2025-08-01 12:04:01 DEBUG POIXMLFactory:65 - using default POIXMLDocumentPart for http://schemas.openxmlformats.org/officeDocument/2006/relationships/printerSettings
2025-08-01 12:04:01 DEBUG PackageRelationshipCollection:307 - Parsing relationship: /xl/_rels/workbook.xml.rels
2025-08-01 12:04:01 DEBUG PackageRelationshipCollection:307 - Parsing relationship: /xl/worksheets/_rels/sheet1.xml.rels
2025-08-01 12:04:01 DEBUG PackageRelationshipCollection:307 - Parsing relationship: /_rels/.rels
2025-08-01 12:04:01 DEBUG POIXMLFactory:65 - using default POIXMLDocumentPart for http://schemas.openxmlformats.org/officeDocument/2006/relationships/printerSettings
2025-08-01 12:04:01 DEBUG TC02_Login:22 - Test started: testLogin with userName=smitasharma.qa@gmail.com
2025-08-01 12:04:01 DEBUG TC02_Login:26 - HomePage object initialized
2025-08-01 12:04:01 DEBUG TC02_Login:29 - Clicked 'My Account'
2025-08-01 12:04:01 DEBUG TC02_Login:32 - Clicked 'Login'
2025-08-01 12:04:01 DEBUG TC02_Login:35 - LoginPage object initialized
2025-08-01 12:04:02 DEBUG TC02_Login:38 - Entered email
2025-08-01 12:04:02 DEBUG TC02_Login:41 - Entered password
2025-08-01 12:04:02 DEBUG TC02_Login:44 - Clicked login
2025-08-01 12:04:02 DEBUG TC02_Login:47 - MyAccountPage object initialized
2025-08-01 12:04:02 DEBUG TC02_Login:50 - Account confirmation message: My Account
2025-08-01 12:04:02 INFO  TC02_Login:53 - Login successful for user: smitasharma.qa@gmail.com
2025-08-01 12:04:02 DEBUG TC02_Login:57 - Clicked 'My Account' again
2025-08-01 12:04:02 DEBUG TC02_Login:60 - Clicked 'Logout'
2025-08-01 12:04:02 DEBUG TC02_Login:72 - Test ended: testLogin for userName=smitasharma.qa@gmail.com
]]></system-out>
  </testcase>
  <testcase name="testLogin[nona@yahoo.com, QWER!@#$](2)" classname="testCases.TC02_Login" time="0.968">
    <system-out><![CDATA[2025-08-01 12:03:52 DEBUG TC02_Login:22 - Test started: testLogin with userName=nona@yahoo.com
2025-08-01 12:03:52 DEBUG TC02_Login:26 - HomePage object initialized
2025-08-01 12:03:52 DEBUG TC02_Login:29 - Clicked 'My Account'
2025-08-01 12:03:52 DEBUG TC02_Login:32 - Clicked 'Login'
2025-08-01 12:03:52 DEBUG TC02_Login:35 - LoginPage object initialized
2025-08-01 12:03:52 DEBUG TC02_Login:38 - Entered email
2025-08-01 12:03:52 DEBUG TC02_Login:41 - Entered password
2025-08-01 12:03:52 DEBUG TC02_Login:44 - Clicked login
2025-08-01 12:03:52 DEBUG TC02_Login:47 - MyAccountPage object initialized
2025-08-01 12:03:52 DEBUG BaseClass:123 - FirefoxDriver initialized
2025-08-01 12:03:52 DEBUG BaseClass:131 - Driver assigned to thread-local storage
2025-08-01 12:03:52 DEBUG TC02_Login:50 - Account confirmation message: My Account
2025-08-01 12:03:52 INFO  TC02_Login:53 - Login successful for user: nona@yahoo.com
2025-08-01 12:03:52 DEBUG TC02_Login:57 - Clicked 'My Account' again
2025-08-01 12:03:53 DEBUG TC02_Login:60 - Clicked 'Logout'
2025-08-01 12:03:53 DEBUG TC02_Login:72 - Test ended: testLogin for userName=nona@yahoo.com
]]></system-out>
  </testcase>
  <testcase name="testLogin[nona@yahoo.com, QWER!@#$](2)" classname="testCases.TC02_Login" time="0.649">
    <system-out><![CDATA[2025-08-01 12:04:02 DEBUG TC02_Login:22 - Test started: testLogin with userName=nona@yahoo.com
2025-08-01 12:04:02 DEBUG TC02_Login:26 - HomePage object initialized
2025-08-01 12:04:02 DEBUG TC02_Login:29 - Clicked 'My Account'
2025-08-01 12:04:02 DEBUG TC02_Login:32 - Clicked 'Login'
2025-08-01 12:04:02 DEBUG TC02_Login:35 - LoginPage object initialized
2025-08-01 12:04:02 DEBUG TC02_Login:38 - Entered email
2025-08-01 12:04:02 DEBUG TC02_Login:41 - Entered password
2025-08-01 12:04:02 DEBUG TC02_Login:44 - Clicked login
2025-08-01 12:04:02 DEBUG TC02_Login:47 - MyAccountPage object initialized
2025-08-01 12:04:02 DEBUG TC02_Login:50 - Account confirmation message: My Account
2025-08-01 12:04:02 INFO  TC02_Login:53 - Login successful for user: nona@yahoo.com
2025-08-01 12:04:02 DEBUG TC02_Login:57 - Clicked 'My Account' again
2025-08-01 12:04:03 DEBUG TC02_Login:60 - Clicked 'Logout'
2025-08-01 12:04:03 DEBUG TC02_Login:72 - Test ended: testLogin for userName=nona@yahoo.com
]]></system-out>
  </testcase>
  <testcase name="testLogin[sid@cloudberry.services, Test123](3)" classname="testCases.TC02_Login" time="0.783">
    <system-out><![CDATA[2025-08-01 12:03:53 DEBUG TC02_Login:22 - Test started: testLogin with userName=sid@cloudberry.services
2025-08-01 12:03:53 DEBUG TC02_Login:26 - HomePage object initialized
2025-08-01 12:03:53 DEBUG TC02_Login:29 - Clicked 'My Account'
2025-08-01 12:03:53 DEBUG TC02_Login:32 - Clicked 'Login'
2025-08-01 12:03:53 DEBUG TC02_Login:35 - LoginPage object initialized
2025-08-01 12:03:53 DEBUG TC02_Login:38 - Entered email
2025-08-01 12:03:53 DEBUG TC02_Login:41 - Entered password
2025-08-01 12:03:53 DEBUG TC02_Login:44 - Clicked login
2025-08-01 12:03:53 DEBUG TC02_Login:47 - MyAccountPage object initialized
2025-08-01 12:03:53 DEBUG TC02_Login:50 - Account confirmation message: My Account
2025-08-01 12:03:53 INFO  TC02_Login:53 - Login successful for user: sid@cloudberry.services
2025-08-01 12:03:53 DEBUG TC02_Login:57 - Clicked 'My Account' again
2025-08-01 12:03:53 DEBUG TC02_Login:60 - Clicked 'Logout'
2025-08-01 12:03:53 DEBUG TC02_Login:72 - Test ended: testLogin for userName=sid@cloudberry.services
]]></system-out>
  </testcase>
  <testcase name="testLogin[sid@cloudberry.services, Test123](3)" classname="testCases.TC02_Login" time="0.663">
    <system-out><![CDATA[2025-08-01 12:04:03 DEBUG TC02_Login:22 - Test started: testLogin with userName=sid@cloudberry.services
2025-08-01 12:04:03 DEBUG TC02_Login:26 - HomePage object initialized
2025-08-01 12:04:03 DEBUG TC02_Login:29 - Clicked 'My Account'
2025-08-01 12:04:03 DEBUG TC02_Login:32 - Clicked 'Login'
2025-08-01 12:04:03 DEBUG TC02_Login:35 - LoginPage object initialized
2025-08-01 12:04:03 DEBUG TC02_Login:38 - Entered email
2025-08-01 12:04:03 DEBUG TC02_Login:41 - Entered password
2025-08-01 12:04:03 DEBUG TC02_Login:44 - Clicked login
2025-08-01 12:04:03 DEBUG TC02_Login:47 - MyAccountPage object initialized
2025-08-01 12:04:03 DEBUG TC02_Login:50 - Account confirmation message: My Account
2025-08-01 12:04:03 INFO  TC02_Login:53 - Login successful for user: sid@cloudberry.services
2025-08-01 12:04:03 DEBUG TC02_Login:57 - Clicked 'My Account' again
2025-08-01 12:04:03 DEBUG TC02_Login:60 - Clicked 'Logout'
2025-08-01 12:04:03 DEBUG TC02_Login:72 - Test ended: testLogin for userName=sid@cloudberry.services
]]></system-out>
  </testcase>
  <testcase name="testLogin[apushedwoman@gmail.com, password123](4)" classname="testCases.TC02_Login" time="0.678">
    <system-out><![CDATA[2025-08-01 12:03:53 DEBUG TC02_Login:22 - Test started: testLogin with userName=apushedwoman@gmail.com
2025-08-01 12:03:53 DEBUG TC02_Login:26 - HomePage object initialized
2025-08-01 12:03:53 DEBUG BaseClass:150 - Application launched at URL: https://cloudberrystore.services/
2025-08-01 12:03:53 DEBUG TC05_AddToWishlist:17 - Test started: testAddToWishList
2025-08-01 12:03:53 DEBUG TC02_Login:29 - Clicked 'My Account'
2025-08-01 12:03:54 DEBUG TC05_AddToWishlist:21 - Clicked 'My Account'
2025-08-01 12:03:54 DEBUG TC02_Login:32 - Clicked 'Login'
2025-08-01 12:03:54 DEBUG TC02_Login:35 - LoginPage object initialized
2025-08-01 12:03:54 DEBUG TC02_Login:38 - Entered email
2025-08-01 12:03:54 DEBUG TC02_Login:41 - Entered password
2025-08-01 12:03:54 DEBUG TC02_Login:44 - Clicked login
2025-08-01 12:03:54 DEBUG TC02_Login:47 - MyAccountPage object initialized
2025-08-01 12:03:54 DEBUG TC05_AddToWishlist:24 - Clicked 'Login'
2025-08-01 12:03:54 DEBUG TC05_AddToWishlist:27 - Entered email
2025-08-01 12:03:54 DEBUG TC05_AddToWishlist:30 - Entered password
2025-08-01 12:03:54 DEBUG TC02_Login:50 - Account confirmation message: My Account
2025-08-01 12:03:54 INFO  TC02_Login:53 - Login successful for user: apushedwoman@gmail.com
2025-08-01 12:03:54 DEBUG TC05_AddToWishlist:33 - Clicked 'Login' button
2025-08-01 12:03:54 DEBUG TC02_Login:57 - Clicked 'My Account' again
2025-08-01 12:03:54 DEBUG TC02_Login:60 - Clicked 'Logout'
2025-08-01 12:03:54 DEBUG TC02_Login:72 - Test ended: testLogin for userName=apushedwoman@gmail.com
]]></system-out>
  </testcase>
  <testcase name="testLogin[apushedwoman@gmail.com, password123](4)" classname="testCases.TC02_Login" time="0.662">
    <system-out><![CDATA[2025-08-01 12:04:03 DEBUG TC02_Login:22 - Test started: testLogin with userName=apushedwoman@gmail.com
2025-08-01 12:04:03 DEBUG TC02_Login:26 - HomePage object initialized
2025-08-01 12:04:03 DEBUG TC02_Login:29 - Clicked 'My Account'
2025-08-01 12:04:03 DEBUG TC02_Login:32 - Clicked 'Login'
2025-08-01 12:04:03 DEBUG TC02_Login:35 - LoginPage object initialized
2025-08-01 12:04:03 DEBUG TC02_Login:38 - Entered email
2025-08-01 12:04:04 DEBUG TC02_Login:41 - Entered password
2025-08-01 12:04:04 DEBUG TC02_Login:44 - Clicked login
2025-08-01 12:04:04 DEBUG TC02_Login:47 - MyAccountPage object initialized
2025-08-01 12:04:04 DEBUG TC02_Login:50 - Account confirmation message: My Account
2025-08-01 12:04:04 INFO  TC02_Login:53 - Login successful for user: apushedwoman@gmail.com
2025-08-01 12:04:04 DEBUG TC02_Login:57 - Clicked 'My Account' again
2025-08-01 12:04:04 DEBUG TC02_Login:60 - Clicked 'Logout'
2025-08-01 12:04:04 DEBUG TC02_Login:72 - Test ended: testLogin for userName=apushedwoman@gmail.com
]]></system-out>
  </testcase>
  <testcase name="testLogin[hichamkhachiai@gmail.com, hicham123](5)" classname="testCases.TC02_Login" time="0.757">
    <system-out><![CDATA[2025-08-01 12:03:54 DEBUG TC02_Login:22 - Test started: testLogin with userName=hichamkhachiai@gmail.com
2025-08-01 12:03:54 DEBUG TC02_Login:26 - HomePage object initialized
2025-08-01 12:03:54 DEBUG TC02_Login:29 - Clicked 'My Account'
2025-08-01 12:03:54 DEBUG TC02_Login:32 - Clicked 'Login'
2025-08-01 12:03:54 DEBUG TC02_Login:35 - LoginPage object initialized
2025-08-01 12:03:54 DEBUG TC02_Login:38 - Entered email
2025-08-01 12:03:54 DEBUG TC02_Login:41 - Entered password
2025-08-01 12:03:54 DEBUG TC02_Login:44 - Clicked login
2025-08-01 12:03:54 DEBUG TC02_Login:47 - MyAccountPage object initialized
2025-08-01 12:03:55 DEBUG TC02_Login:50 - Account confirmation message: My Account
2025-08-01 12:03:55 INFO  TC02_Login:53 - Login successful for user: hichamkhachiai@gmail.com
2025-08-01 12:03:55 DEBUG TC02_Login:57 - Clicked 'My Account' again
2025-08-01 12:03:55 DEBUG TC02_Login:60 - Clicked 'Logout'
2025-08-01 12:03:55 DEBUG TC02_Login:72 - Test ended: testLogin for userName=hichamkhachiai@gmail.com
]]></system-out>
  </testcase>
  <testcase name="testLogin[hichamkhachiai@gmail.com, hicham123](5)" classname="testCases.TC02_Login" time="0.676">
    <system-out><![CDATA[2025-08-01 12:04:04 DEBUG TC02_Login:22 - Test started: testLogin with userName=hichamkhachiai@gmail.com
2025-08-01 12:04:04 DEBUG TC02_Login:26 - HomePage object initialized
2025-08-01 12:04:04 DEBUG TC02_Login:29 - Clicked 'My Account'
2025-08-01 12:04:04 DEBUG TC02_Login:32 - Clicked 'Login'
2025-08-01 12:04:04 DEBUG TC02_Login:35 - LoginPage object initialized
2025-08-01 12:04:04 DEBUG TC02_Login:38 - Entered email
2025-08-01 12:04:04 DEBUG TC02_Login:41 - Entered password
2025-08-01 12:04:04 DEBUG TC02_Login:44 - Clicked login
2025-08-01 12:04:04 DEBUG TC02_Login:47 - MyAccountPage object initialized
2025-08-01 12:04:04 DEBUG TC02_Login:50 - Account confirmation message: My Account
2025-08-01 12:04:04 INFO  TC02_Login:53 - Login successful for user: hichamkhachiai@gmail.com
2025-08-01 12:04:04 DEBUG TC02_Login:57 - Clicked 'My Account' again
2025-08-01 12:04:05 DEBUG TC02_Login:60 - Clicked 'Logout'
2025-08-01 12:04:05 DEBUG TC02_Login:72 - Test ended: testLogin for userName=hichamkhachiai@gmail.com
]]></system-out>
  </testcase>
</testsuite>