<?xml version="1.0" encoding="UTF-8"?>
<testng-results ignored="0" total="20" passed="20" failed="0" skipped="0">
  <reporter-output>
  </reporter-output>
  <suite started-at="2025-08-01T12:03:18 PDT" name="Suite" finished-at="2025-08-01T12:04:05 PDT" duration-ms="47127">
    <groups>
      <group name="datadriven">
        <method signature="TC02_Login.testLogin(java.lang.String,java.lang.String)[pri:0, instance:testCases.TC02_Login@338c99c8]" name="testLogin" class="testCases.TC02_Login"/>
        <method signature="TC02_Login.testLogin(java.lang.String,java.lang.String)[pri:0, instance:testCases.TC02_Login@5ddf0d24]" name="testLogin" class="testCases.TC02_Login"/>
      </group> <!-- datadriven -->
      <group name="regression">
        <method signature="TC01_LaunchApplication.launchApp()[pri:0, instance:testCases.TC01_LaunchApplication@2421cc4]" name="launchApp" class="testCases.TC01_LaunchApplication"/>
        <method signature="TC02_Login.testLogin(java.lang.String,java.lang.String)[pri:0, instance:testCases.TC02_Login@338c99c8]" name="testLogin" class="testCases.TC02_Login"/>
        <method signature="TC03_AddToCart.testAddToCart()[pri:0, instance:testCases.TC03_AddToCart@30c93896]" name="testAddToCart" class="testCases.TC03_AddToCart"/>
        <method signature="TC04_CompleteCheckOut.testCheckOut()[pri:0, instance:testCases.TC04_CompleteCheckOut@7a220c9a]" name="testCheckOut" class="testCases.TC04_CompleteCheckOut"/>
        <method signature="TC05_AddToWishlist.testAddToWishList()[pri:0, instance:testCases.TC05_AddToWishlist@59a008ba]" name="testAddToWishList" class="testCases.TC05_AddToWishlist"/>
        <method signature="TC06_Affiliate.testAffiliate()[pri:0, instance:testCases.TC06_Affiliate@479460a6]" name="testAffiliate" class="testCases.TC06_Affiliate"/>
        <method signature="TC01_LaunchApplication.launchApp()[pri:0, instance:testCases.TC01_LaunchApplication@10a9d961]" name="launchApp" class="testCases.TC01_LaunchApplication"/>
        <method signature="TC02_Login.testLogin(java.lang.String,java.lang.String)[pri:0, instance:testCases.TC02_Login@5ddf0d24]" name="testLogin" class="testCases.TC02_Login"/>
        <method signature="TC03_AddToCart.testAddToCart()[pri:0, instance:testCases.TC03_AddToCart@130e116b]" name="testAddToCart" class="testCases.TC03_AddToCart"/>
        <method signature="TC04_CompleteCheckOut.testCheckOut()[pri:0, instance:testCases.TC04_CompleteCheckOut@1458ed9c]" name="testCheckOut" class="testCases.TC04_CompleteCheckOut"/>
        <method signature="TC05_AddToWishlist.testAddToWishList()[pri:0, instance:testCases.TC05_AddToWishlist@e383572]" name="testAddToWishList" class="testCases.TC05_AddToWishlist"/>
        <method signature="TC06_Affiliate.testAffiliate()[pri:0, instance:testCases.TC06_Affiliate@1800a575]" name="testAffiliate" class="testCases.TC06_Affiliate"/>
      </group> <!-- regression -->
      <group name="sanity">
        <method signature="TC01_LaunchApplication.launchApp()[pri:0, instance:testCases.TC01_LaunchApplication@2421cc4]" name="launchApp" class="testCases.TC01_LaunchApplication"/>
        <method signature="TC02_Login.testLogin(java.lang.String,java.lang.String)[pri:0, instance:testCases.TC02_Login@338c99c8]" name="testLogin" class="testCases.TC02_Login"/>
        <method signature="TC03_AddToCart.testAddToCart()[pri:0, instance:testCases.TC03_AddToCart@30c93896]" name="testAddToCart" class="testCases.TC03_AddToCart"/>
        <method signature="TC04_CompleteCheckOut.testCheckOut()[pri:0, instance:testCases.TC04_CompleteCheckOut@7a220c9a]" name="testCheckOut" class="testCases.TC04_CompleteCheckOut"/>
        <method signature="TC01_LaunchApplication.launchApp()[pri:0, instance:testCases.TC01_LaunchApplication@10a9d961]" name="launchApp" class="testCases.TC01_LaunchApplication"/>
        <method signature="TC02_Login.testLogin(java.lang.String,java.lang.String)[pri:0, instance:testCases.TC02_Login@5ddf0d24]" name="testLogin" class="testCases.TC02_Login"/>
        <method signature="TC03_AddToCart.testAddToCart()[pri:0, instance:testCases.TC03_AddToCart@130e116b]" name="testAddToCart" class="testCases.TC03_AddToCart"/>
        <method signature="TC04_CompleteCheckOut.testCheckOut()[pri:0, instance:testCases.TC04_CompleteCheckOut@1458ed9c]" name="testCheckOut" class="testCases.TC04_CompleteCheckOut"/>
      </group> <!-- sanity -->
    </groups>
    <test started-at="2025-08-01T12:03:18 PDT" name="chromeTest" finished-at="2025-08-01T12:03:55 PDT" duration-ms="36635">
      <class name="testCases.TC02_Login">
        <test-method is-config="true" signature="openApp(java.lang.String,java.lang.String)[pri:0, instance:testCases.TC02_Login@338c99c8]" started-at="2025-08-01T12:03:48 PDT" name="openApp" finished-at="2025-08-01T12:03:50 PDT" duration-ms="2063" status="PASS">
          <params>
            <param index="0">
              <value>
                <![CDATA[chrome]]>
              </value>
            </param>
            <param index="1">
              <value>
                <![CDATA[macOS]]>
              </value>
            </param>
          </params>
          <reporter-output>
          </reporter-output>
        </test-method> <!-- openApp -->
        <test-method signature="testLogin(java.lang.String,java.lang.String)[pri:0, instance:testCases.TC02_Login@338c99c8]" started-at="2025-08-01T12:03:50 PDT" name="testLogin" data-provider="LoginData" finished-at="2025-08-01T12:03:52 PDT" duration-ms="1190" status="PASS">
          <params>
            <param index="0">
              <value>
                <![CDATA[smitasharma.qa@gmail.com]]>
              </value>
            </param>
            <param index="1">
              <value>
                <![CDATA[ss*QA123]]>
              </value>
            </param>
          </params>
          <reporter-output>
          </reporter-output>
        </test-method> <!-- testLogin -->
        <test-method signature="testLogin(java.lang.String,java.lang.String)[pri:0, instance:testCases.TC02_Login@338c99c8]" started-at="2025-08-01T12:03:52 PDT" name="testLogin" data-provider="LoginData" finished-at="2025-08-01T12:03:53 PDT" duration-ms="964" status="PASS">
          <params>
            <param index="0">
              <value>
                <![CDATA[nona@yahoo.com]]>
              </value>
            </param>
            <param index="1">
              <value>
                <![CDATA[QWER!@#$]]>
              </value>
            </param>
          </params>
          <reporter-output>
          </reporter-output>
        </test-method> <!-- testLogin -->
        <test-method signature="testLogin(java.lang.String,java.lang.String)[pri:0, instance:testCases.TC02_Login@338c99c8]" started-at="2025-08-01T12:03:53 PDT" name="testLogin" data-provider="LoginData" finished-at="2025-08-01T12:03:53 PDT" duration-ms="785" status="PASS">
          <params>
            <param index="0">
              <value>
                <![CDATA[sid@cloudberry.services]]>
              </value>
            </param>
            <param index="1">
              <value>
                <![CDATA[Test123]]>
              </value>
            </param>
          </params>
          <reporter-output>
          </reporter-output>
        </test-method> <!-- testLogin -->
        <test-method signature="testLogin(java.lang.String,java.lang.String)[pri:0, instance:testCases.TC02_Login@338c99c8]" started-at="2025-08-01T12:03:53 PDT" name="testLogin" data-provider="LoginData" finished-at="2025-08-01T12:03:54 PDT" duration-ms="709" status="PASS">
          <params>
            <param index="0">
              <value>
                <![CDATA[apushedwoman@gmail.com]]>
              </value>
            </param>
            <param index="1">
              <value>
                <![CDATA[password123]]>
              </value>
            </param>
          </params>
          <reporter-output>
          </reporter-output>
        </test-method> <!-- testLogin -->
        <test-method signature="testLogin(java.lang.String,java.lang.String)[pri:0, instance:testCases.TC02_Login@338c99c8]" started-at="2025-08-01T12:03:54 PDT" name="testLogin" data-provider="LoginData" finished-at="2025-08-01T12:03:55 PDT" duration-ms="757" status="PASS">
          <params>
            <param index="0">
              <value>
                <![CDATA[hichamkhachiai@gmail.com]]>
              </value>
            </param>
            <param index="1">
              <value>
                <![CDATA[hicham123]]>
              </value>
            </param>
          </params>
          <reporter-output>
          </reporter-output>
        </test-method> <!-- testLogin -->
        <test-method is-config="true" signature="closeApp()[pri:0, instance:testCases.TC02_Login@338c99c8]" started-at="2025-08-01T12:03:55 PDT" name="closeApp" finished-at="2025-08-01T12:03:55 PDT" duration-ms="68" status="PASS">
          <reporter-output>
          </reporter-output>
        </test-method> <!-- closeApp -->
      </class> <!-- testCases.TC02_Login -->
      <class name="testCases.TC05_AddToWishlist">
        <test-method is-config="true" signature="openApp(java.lang.String,java.lang.String)[pri:0, instance:testCases.TC05_AddToWishlist@59a008ba]" started-at="2025-08-01T12:03:42 PDT" name="openApp" finished-at="2025-08-01T12:03:45 PDT" duration-ms="2185" status="PASS">
          <params>
            <param index="0">
              <value>
                <![CDATA[chrome]]>
              </value>
            </param>
            <param index="1">
              <value>
                <![CDATA[macOS]]>
              </value>
            </param>
          </params>
          <reporter-output>
          </reporter-output>
        </test-method> <!-- openApp -->
        <test-method signature="testAddToWishList()[pri:0, instance:testCases.TC05_AddToWishlist@59a008ba]" started-at="2025-08-01T12:03:45 PDT" name="testAddToWishList" finished-at="2025-08-01T12:03:48 PDT" duration-ms="3001" status="PASS">
          <reporter-output>
          </reporter-output>
        </test-method> <!-- testAddToWishList -->
        <test-method is-config="true" signature="closeApp()[pri:0, instance:testCases.TC05_AddToWishlist@59a008ba]" started-at="2025-08-01T12:03:48 PDT" name="closeApp" finished-at="2025-08-01T12:03:48 PDT" duration-ms="83" status="PASS">
          <reporter-output>
          </reporter-output>
        </test-method> <!-- closeApp -->
      </class> <!-- testCases.TC05_AddToWishlist -->
      <class name="testCases.TC06_Affiliate">
        <test-method is-config="true" signature="openApp(java.lang.String,java.lang.String)[pri:0, instance:testCases.TC06_Affiliate@479460a6]" started-at="2025-08-01T12:03:18 PDT" name="openApp" finished-at="2025-08-01T12:03:22 PDT" duration-ms="3492" status="PASS">
          <params>
            <param index="0">
              <value>
                <![CDATA[chrome]]>
              </value>
            </param>
            <param index="1">
              <value>
                <![CDATA[macOS]]>
              </value>
            </param>
          </params>
          <reporter-output>
          </reporter-output>
        </test-method> <!-- openApp -->
        <test-method signature="testAffiliate()[pri:0, instance:testCases.TC06_Affiliate@479460a6]" started-at="2025-08-01T12:03:22 PDT" name="testAffiliate" finished-at="2025-08-01T12:03:25 PDT" duration-ms="3505" status="PASS">
          <reporter-output>
          </reporter-output>
        </test-method> <!-- testAffiliate -->
        <test-method is-config="true" signature="closeApp()[pri:0, instance:testCases.TC06_Affiliate@479460a6]" started-at="2025-08-01T12:03:25 PDT" name="closeApp" finished-at="2025-08-01T12:03:25 PDT" duration-ms="86" status="PASS">
          <reporter-output>
          </reporter-output>
        </test-method> <!-- closeApp -->
      </class> <!-- testCases.TC06_Affiliate -->
      <class name="testCases.TC01_LaunchApplication">
        <test-method is-config="true" signature="openApp(java.lang.String,java.lang.String)[pri:0, instance:testCases.TC01_LaunchApplication@2421cc4]" started-at="2025-08-01T12:03:35 PDT" name="openApp" finished-at="2025-08-01T12:03:37 PDT" duration-ms="2490" status="PASS">
          <params>
            <param index="0">
              <value>
                <![CDATA[chrome]]>
              </value>
            </param>
            <param index="1">
              <value>
                <![CDATA[macOS]]>
              </value>
            </param>
          </params>
          <reporter-output>
          </reporter-output>
        </test-method> <!-- openApp -->
        <test-method signature="launchApp()[pri:0, instance:testCases.TC01_LaunchApplication@2421cc4]" started-at="2025-08-01T12:03:37 PDT" name="launchApp" finished-at="2025-08-01T12:03:37 PDT" duration-ms="9" status="PASS">
          <reporter-output>
          </reporter-output>
        </test-method> <!-- launchApp -->
        <test-method is-config="true" signature="closeApp()[pri:0, instance:testCases.TC01_LaunchApplication@2421cc4]" started-at="2025-08-01T12:03:37 PDT" name="closeApp" finished-at="2025-08-01T12:03:37 PDT" duration-ms="76" status="PASS">
          <reporter-output>
          </reporter-output>
        </test-method> <!-- closeApp -->
      </class> <!-- testCases.TC01_LaunchApplication -->
      <class name="testCases.TC04_CompleteCheckOut">
        <test-method is-config="true" signature="openApp(java.lang.String,java.lang.String)[pri:0, instance:testCases.TC04_CompleteCheckOut@7a220c9a]" started-at="2025-08-01T12:03:25 PDT" name="openApp" finished-at="2025-08-01T12:03:28 PDT" duration-ms="2382" status="PASS">
          <params>
            <param index="0">
              <value>
                <![CDATA[chrome]]>
              </value>
            </param>
            <param index="1">
              <value>
                <![CDATA[macOS]]>
              </value>
            </param>
          </params>
          <reporter-output>
          </reporter-output>
        </test-method> <!-- openApp -->
        <test-method signature="testCheckOut()[pri:0, instance:testCases.TC04_CompleteCheckOut@7a220c9a]" started-at="2025-08-01T12:03:28 PDT" name="testCheckOut" finished-at="2025-08-01T12:03:34 PDT" duration-ms="6530" status="PASS">
          <reporter-output>
          </reporter-output>
        </test-method> <!-- testCheckOut -->
        <test-method is-config="true" signature="closeApp()[pri:0, instance:testCases.TC04_CompleteCheckOut@7a220c9a]" started-at="2025-08-01T12:03:34 PDT" name="closeApp" finished-at="2025-08-01T12:03:35 PDT" duration-ms="123" status="PASS">
          <reporter-output>
          </reporter-output>
        </test-method> <!-- closeApp -->
      </class> <!-- testCases.TC04_CompleteCheckOut -->
      <class name="testCases.TC03_AddToCart">
        <test-method is-config="true" signature="openApp(java.lang.String,java.lang.String)[pri:0, instance:testCases.TC03_AddToCart@30c93896]" started-at="2025-08-01T12:03:37 PDT" name="openApp" finished-at="2025-08-01T12:03:39 PDT" duration-ms="2349" status="PASS">
          <params>
            <param index="0">
              <value>
                <![CDATA[chrome]]>
              </value>
            </param>
            <param index="1">
              <value>
                <![CDATA[macOS]]>
              </value>
            </param>
          </params>
          <reporter-output>
          </reporter-output>
        </test-method> <!-- openApp -->
        <test-method signature="testAddToCart()[pri:0, instance:testCases.TC03_AddToCart@30c93896]" started-at="2025-08-01T12:03:39 PDT" name="testAddToCart" finished-at="2025-08-01T12:03:42 PDT" duration-ms="2826" status="PASS">
          <reporter-output>
          </reporter-output>
        </test-method> <!-- testAddToCart -->
        <test-method is-config="true" signature="closeApp()[pri:0, instance:testCases.TC03_AddToCart@30c93896]" started-at="2025-08-01T12:03:42 PDT" name="closeApp" finished-at="2025-08-01T12:03:42 PDT" duration-ms="66" status="PASS">
          <reporter-output>
          </reporter-output>
        </test-method> <!-- closeApp -->
      </class> <!-- testCases.TC03_AddToCart -->
    </test> <!-- chromeTest -->
    <test started-at="2025-08-01T12:03:18 PDT" name="firfoxTest" finished-at="2025-08-01T12:04:05 PDT" duration-ms="47127">
      <class name="testCases.TC02_Login">
        <test-method is-config="true" signature="openApp(java.lang.String,java.lang.String)[pri:0, instance:testCases.TC02_Login@5ddf0d24]" started-at="2025-08-01T12:03:57 PDT" name="openApp" finished-at="2025-08-01T12:04:01 PDT" duration-ms="4368" status="PASS">
          <params>
            <param index="0">
              <value>
                <![CDATA[firefox]]>
              </value>
            </param>
            <param index="1">
              <value>
                <![CDATA[macOS]]>
              </value>
            </param>
          </params>
          <reporter-output>
          </reporter-output>
        </test-method> <!-- openApp -->
        <test-method signature="testLogin(java.lang.String,java.lang.String)[pri:0, instance:testCases.TC02_Login@5ddf0d24]" started-at="2025-08-01T12:04:01 PDT" name="testLogin" data-provider="LoginData" finished-at="2025-08-01T12:04:02 PDT" duration-ms="898" status="PASS">
          <params>
            <param index="0">
              <value>
                <![CDATA[smitasharma.qa@gmail.com]]>
              </value>
            </param>
            <param index="1">
              <value>
                <![CDATA[ss*QA123]]>
              </value>
            </param>
          </params>
          <reporter-output>
          </reporter-output>
        </test-method> <!-- testLogin -->
        <test-method signature="testLogin(java.lang.String,java.lang.String)[pri:0, instance:testCases.TC02_Login@5ddf0d24]" started-at="2025-08-01T12:04:02 PDT" name="testLogin" data-provider="LoginData" finished-at="2025-08-01T12:04:03 PDT" duration-ms="649" status="PASS">
          <params>
            <param index="0">
              <value>
                <![CDATA[nona@yahoo.com]]>
              </value>
            </param>
            <param index="1">
              <value>
                <![CDATA[QWER!@#$]]>
              </value>
            </param>
          </params>
          <reporter-output>
          </reporter-output>
        </test-method> <!-- testLogin -->
        <test-method signature="testLogin(java.lang.String,java.lang.String)[pri:0, instance:testCases.TC02_Login@5ddf0d24]" started-at="2025-08-01T12:04:03 PDT" name="testLogin" data-provider="LoginData" finished-at="2025-08-01T12:04:03 PDT" duration-ms="663" status="PASS">
          <params>
            <param index="0">
              <value>
                <![CDATA[sid@cloudberry.services]]>
              </value>
            </param>
            <param index="1">
              <value>
                <![CDATA[Test123]]>
              </value>
            </param>
          </params>
          <reporter-output>
          </reporter-output>
        </test-method> <!-- testLogin -->
        <test-method signature="testLogin(java.lang.String,java.lang.String)[pri:0, instance:testCases.TC02_Login@5ddf0d24]" started-at="2025-08-01T12:04:03 PDT" name="testLogin" data-provider="LoginData" finished-at="2025-08-01T12:04:04 PDT" duration-ms="662" status="PASS">
          <params>
            <param index="0">
              <value>
                <![CDATA[apushedwoman@gmail.com]]>
              </value>
            </param>
            <param index="1">
              <value>
                <![CDATA[password123]]>
              </value>
            </param>
          </params>
          <reporter-output>
          </reporter-output>
        </test-method> <!-- testLogin -->
        <test-method signature="testLogin(java.lang.String,java.lang.String)[pri:0, instance:testCases.TC02_Login@5ddf0d24]" started-at="2025-08-01T12:04:04 PDT" name="testLogin" data-provider="LoginData" finished-at="2025-08-01T12:04:05 PDT" duration-ms="675" status="PASS">
          <params>
            <param index="0">
              <value>
                <![CDATA[hichamkhachiai@gmail.com]]>
              </value>
            </param>
            <param index="1">
              <value>
                <![CDATA[hicham123]]>
              </value>
            </param>
          </params>
          <reporter-output>
          </reporter-output>
        </test-method> <!-- testLogin -->
        <test-method is-config="true" signature="closeApp()[pri:0, instance:testCases.TC02_Login@5ddf0d24]" started-at="2025-08-01T12:04:05 PDT" name="closeApp" finished-at="2025-08-01T12:04:05 PDT" duration-ms="766" status="PASS">
          <reporter-output>
          </reporter-output>
        </test-method> <!-- closeApp -->
      </class> <!-- testCases.TC02_Login -->
      <class name="testCases.TC05_AddToWishlist">
        <test-method is-config="true" signature="openApp(java.lang.String,java.lang.String)[pri:0, instance:testCases.TC05_AddToWishlist@e383572]" started-at="2025-08-01T12:03:50 PDT" name="openApp" finished-at="2025-08-01T12:03:53 PDT" duration-ms="3808" status="PASS">
          <params>
            <param index="0">
              <value>
                <![CDATA[firefox]]>
              </value>
            </param>
            <param index="1">
              <value>
                <![CDATA[macOS]]>
              </value>
            </param>
          </params>
          <reporter-output>
          </reporter-output>
        </test-method> <!-- openApp -->
        <test-method signature="testAddToWishList()[pri:0, instance:testCases.TC05_AddToWishlist@e383572]" started-at="2025-08-01T12:03:53 PDT" name="testAddToWishList" finished-at="2025-08-01T12:03:56 PDT" duration-ms="2408" status="PASS">
          <reporter-output>
          </reporter-output>
        </test-method> <!-- testAddToWishList -->
        <test-method is-config="true" signature="closeApp()[pri:0, instance:testCases.TC05_AddToWishlist@e383572]" started-at="2025-08-01T12:03:56 PDT" name="closeApp" finished-at="2025-08-01T12:03:57 PDT" duration-ms="756" status="PASS">
          <reporter-output>
          </reporter-output>
        </test-method> <!-- closeApp -->
      </class> <!-- testCases.TC05_AddToWishlist -->
      <class name="testCases.TC06_Affiliate">
        <test-method is-config="true" signature="openApp(java.lang.String,java.lang.String)[pri:0, instance:testCases.TC06_Affiliate@1800a575]" started-at="2025-08-01T12:03:18 PDT" name="openApp" finished-at="2025-08-01T12:03:23 PDT" duration-ms="5021" status="PASS">
          <params>
            <param index="0">
              <value>
                <![CDATA[firefox]]>
              </value>
            </param>
            <param index="1">
              <value>
                <![CDATA[macOS]]>
              </value>
            </param>
          </params>
          <reporter-output>
          </reporter-output>
        </test-method> <!-- openApp -->
        <test-method signature="testAffiliate()[pri:0, instance:testCases.TC06_Affiliate@1800a575]" started-at="2025-08-01T12:03:23 PDT" name="testAffiliate" finished-at="2025-08-01T12:03:26 PDT" duration-ms="3056" status="PASS">
          <reporter-output>
          </reporter-output>
        </test-method> <!-- testAffiliate -->
        <test-method is-config="true" signature="closeApp()[pri:0, instance:testCases.TC06_Affiliate@1800a575]" started-at="2025-08-01T12:03:26 PDT" name="closeApp" finished-at="2025-08-01T12:03:27 PDT" duration-ms="809" status="PASS">
          <reporter-output>
          </reporter-output>
        </test-method> <!-- closeApp -->
      </class> <!-- testCases.TC06_Affiliate -->
      <class name="testCases.TC01_LaunchApplication">
        <test-method is-config="true" signature="openApp(java.lang.String,java.lang.String)[pri:0, instance:testCases.TC01_LaunchApplication@10a9d961]" started-at="2025-08-01T12:03:38 PDT" name="openApp" finished-at="2025-08-01T12:03:42 PDT" duration-ms="4035" status="PASS">
          <params>
            <param index="0">
              <value>
                <![CDATA[firefox]]>
              </value>
            </param>
            <param index="1">
              <value>
                <![CDATA[macOS]]>
              </value>
            </param>
          </params>
          <reporter-output>
          </reporter-output>
        </test-method> <!-- openApp -->
        <test-method signature="launchApp()[pri:0, instance:testCases.TC01_LaunchApplication@10a9d961]" started-at="2025-08-01T12:03:42 PDT" name="launchApp" finished-at="2025-08-01T12:03:42 PDT" duration-ms="3" status="PASS">
          <reporter-output>
          </reporter-output>
        </test-method> <!-- launchApp -->
        <test-method is-config="true" signature="closeApp()[pri:0, instance:testCases.TC01_LaunchApplication@10a9d961]" started-at="2025-08-01T12:03:42 PDT" name="closeApp" finished-at="2025-08-01T12:03:43 PDT" duration-ms="711" status="PASS">
          <reporter-output>
          </reporter-output>
        </test-method> <!-- closeApp -->
      </class> <!-- testCases.TC01_LaunchApplication -->
      <class name="testCases.TC04_CompleteCheckOut">
        <test-method is-config="true" signature="openApp(java.lang.String,java.lang.String)[pri:0, instance:testCases.TC04_CompleteCheckOut@1458ed9c]" started-at="2025-08-01T12:03:27 PDT" name="openApp" finished-at="2025-08-01T12:03:31 PDT" duration-ms="4197" status="PASS">
          <params>
            <param index="0">
              <value>
                <![CDATA[firefox]]>
              </value>
            </param>
            <param index="1">
              <value>
                <![CDATA[macOS]]>
              </value>
            </param>
          </params>
          <reporter-output>
          </reporter-output>
        </test-method> <!-- openApp -->
        <test-method signature="testCheckOut()[pri:0, instance:testCases.TC04_CompleteCheckOut@1458ed9c]" started-at="2025-08-01T12:03:31 PDT" name="testCheckOut" finished-at="2025-08-01T12:03:37 PDT" duration-ms="5542" status="PASS">
          <reporter-output>
          </reporter-output>
        </test-method> <!-- testCheckOut -->
        <test-method is-config="true" signature="closeApp()[pri:0, instance:testCases.TC04_CompleteCheckOut@1458ed9c]" started-at="2025-08-01T12:03:37 PDT" name="closeApp" finished-at="2025-08-01T12:03:38 PDT" duration-ms="823" status="PASS">
          <reporter-output>
          </reporter-output>
        </test-method> <!-- closeApp -->
      </class> <!-- testCases.TC04_CompleteCheckOut -->
      <class name="testCases.TC03_AddToCart">
        <test-method is-config="true" signature="openApp(java.lang.String,java.lang.String)[pri:0, instance:testCases.TC03_AddToCart@130e116b]" started-at="2025-08-01T12:03:43 PDT" name="openApp" finished-at="2025-08-01T12:03:46 PDT" duration-ms="3814" status="PASS">
          <params>
            <param index="0">
              <value>
                <![CDATA[firefox]]>
              </value>
            </param>
            <param index="1">
              <value>
                <![CDATA[macOS]]>
              </value>
            </param>
          </params>
          <reporter-output>
          </reporter-output>
        </test-method> <!-- openApp -->
        <test-method signature="testAddToCart()[pri:0, instance:testCases.TC03_AddToCart@130e116b]" started-at="2025-08-01T12:03:46 PDT" name="testAddToCart" finished-at="2025-08-01T12:03:49 PDT" duration-ms="2389" status="PASS">
          <reporter-output>
          </reporter-output>
        </test-method> <!-- testAddToCart -->
        <test-method is-config="true" signature="closeApp()[pri:0, instance:testCases.TC03_AddToCart@130e116b]" started-at="2025-08-01T12:03:49 PDT" name="closeApp" finished-at="2025-08-01T12:03:50 PDT" duration-ms="801" status="PASS">
          <reporter-output>
          </reporter-output>
        </test-method> <!-- closeApp -->
      </class> <!-- testCases.TC03_AddToCart -->
    </test> <!-- firfoxTest -->
  </suite> <!-- Suite -->
</testng-results>
